info it worked if it ends with ok
verbose cli [ 'node', '/usr/local/bin/npm', 'start' ]
info using npm@1.1.9
info using node@v0.6.13
verbose config file /home/marcos/.npmrc
verbose config file /home/marcos/npm/etc/npmrc
verbose config file /usr/local/lib/node_modules/npm/npmrc
ERR! Error: ENOENT, open '/home/marcos/Quiz-P10/package.json'
ERR! You may report this log at:
ERR!     <http://github.com/isaacs/npm/issues>
ERR! or email it to:
ERR!     <npm-@googlegroups.com>
ERR! 
ERR! System Linux 4.2.0-27-generic
ERR! command "node" "/usr/local/bin/npm" "start"
ERR! cwd /home/marcos/Quiz-P10
ERR! node -v v0.6.13
ERR! npm -v 1.1.9
ERR! path /home/marcos/Quiz-P10/package.json
ERR! code ENOENT
ERR! message ENOENT, open '/home/marcos/Quiz-P10/package.json'
ERR! errno {}
verbose exit [ 1, true ]
